# Building dummy-run [riscv32e-ysyxsoc]

# Building am-archive [riscv32e-ysyxsoc]

# Building klib-archive [riscv32e-ysyxsoc]

+ OBJCOPY -> build/dummy-riscv32e-ysyxsoc.bin
  mainargs=
  Archive ar -rcs VysyxSoCFull__ALL.a VysyxSoCFull.o VysyxSoCFull__Dpi_Export__0.o VysyxSoCFull___024root__DepSet_h4d156741__0.o VysyxSoCFull___024root__DepSet_h4d156741__1.o VysyxSoCFull___024root__DepSet_h0188974b__0.o VysyxSoCFull___024unit__DepSet_h308b0958__0.o VysyxSoCFull__Dpi.o VysyxSoCFull__Trace__0.o VysyxSoCFull__ConstPool_0.o VysyxSoCFull___024root__Slow.o VysyxSoCFull___024root__DepSet_h4d156741__0__Slow.o VysyxSoCFull___024root__DepSet_h0188974b__0__Slow.o VysyxSoCFull___024unit__Slow.o VysyxSoCFull___024unit__DepSet_h460a3d32__0__Slow.o VysyxSoCFull__Syms.o VysyxSoCFull__Trace__0__Slow.o VysyxSoCFull__TraceDecls__0__Slow.o
  [1;34m[/home/long/ysyx-workbench/npc/csrc/monitor/monitor.c:136 parse_args] Using log file: /home/long/ysyx-workbench/npc/build/npc.log[0m
  [1;34m[/home/long/ysyx-workbench/npc/csrc/monitor/monitor.c:121 parse_args] Using image: /home/long/ysyx-workbench/am-kernels/tests/cpu-tests/build/dummy-riscv32e-ysyxsoc.bin[0m
  [1;34m[/home/long/ysyx-workbench/npc/csrc/utils/log.c:15 init_log] Log is written to /home/long/ysyx-workbench/npc/build/npc.log[0m
  [1;34m[/home/long/ysyx-workbench/npc/csrc/momery/paddr.c:18 init_mem] physical mrom area [20000000, 20000fff][0m
  [1;34m[/home/long/ysyx-workbench/npc/csrc/momery/paddr.c:19 init_mem] physical flash area [30000000, 3fffffff][0m
  [1;34m[/home/long/ysyx-workbench/npc/csrc/monitor/monitor.c:96 load_img] The image is /home/long/ysyx-workbench/am-kernels/tests/cpu-tests/build/dummy-riscv32e-ysyxsoc.bin, size = 1980[0m
  [1;34m[/home/long/ysyx-workbench/npc/csrc/monitor/monitor.c:30 welcome] Trace: [1;31mOFF[0m[0m
  [1;34m[/home/long/ysyx-workbench/npc/csrc/monitor/monitor.c:57 welcome] Build time: 16:19:23, Feb  1 2026[0m
  Welcome to [1;33m[1;41mriscv32e[0m-NPC!
  For help, type "help"
  [1;33m 
      _                _________                        
   _ __(_)___  _____   _|___ /___ \      _ __  _ __   ___ 
  | '__| / __|/ __\ \ / / |_ \ __) |____| '_ \| '_ \ / __|
  | |  | \__ \ (__ \ V / ___) / __/_____| | | | |_) | (__ 
  |_|  |_|___/\___| \_/ |____/_____|    |_| |_| .__/ \___|
                                            |_|         
  [0m

PSRAM: QPI mode enabled
LSU: write addr: a0000000 data: 00000413
LSU: write addr: a0000004 data: 0f002137
LSU: write addr: a0000008 data: 00010113
LSU: write addr: a000000c data: 00c000ef
LSU: write addr: a0000010 data: 008000ef
LSU: write addr: a0000014 data: 174000ef
LSU: write addr: a0000018 data: 00100293
LSU: write addr: a000001c data: 00551463
LSU: write addr: a0000020 data: 0400006f
LSU: write addr: a0000024 data: 30000537
LSU: write addr: a0000028 data: 00050513
LSU: write addr: a000002c data: a00005b7
LSU: write addr: a0000030 data: 00058593
LSU: write addr: a0000034 data: a0000637
LSU: write addr: a0000038 data: 11860613
LSU: write addr: a000003c data: 00052283
LSU: write addr: a0000040 data: 0055a023
LSU: write addr: a0000044 data: 00450513
LSU: write addr: a0000048 data: 00458593
LSU: write addr: a000004c data: fec598e3
LSU: write addr: a0000050 data: 00100513
LSU: write addr: a0000054 data: 700002b7
LSU: write addr: a0000058 data: 005080b3
LSU: write addr: a000005c data: 00008067
LSU: write addr: a0000060 data: 30000537
LSU: write addr: a0000064 data: 11850513
LSU: write addr: a0000068 data: a00005b7
LSU: write addr: a000006c data: 11858593
LSU: write addr: a0000070 data: a0000637
LSU: write addr: a0000074 data: 76060613
LSU: write addr: a0000078 data: 00c58c63
LSU: write addr: a000007c data: 00052283
LSU: write addr: a0000080 data: 0055a023
LSU: write addr: a0000084 data: 00450513
LSU: write addr: a0000088 data: 00458593
LSU: write addr: a000008c data: fec598e3
LSU: write addr: a0000090 data: 30000537
LSU: write addr: a0000094 data: 76050513
LSU: write addr: a0000098 data: 800005b7
LSU: write addr: a000009c data: 00058593
LSU: write addr: a00000a0 data: 80000637
LSU: write addr: a00000a4 data: 05c60613
LSU: write addr: a00000a8 data: 00c58c63
LSU: write addr: a00000ac data: 00052283
LSU: write addr: a00000b0 data: 0055a023
LSU: write addr: a00000b4 data: 00450513
LSU: write addr: a00000b8 data: 00458593
LSU: write addr: a00000bc data: fec598e3
LSU: write addr: a00000c0 data: 30000537
LSU: write addr: a00000c4 data: 7bc50513
LSU: write addr: a00000c8 data: 800005b7
LSU: write addr: a00000cc data: 05c58593
LSU: write addr: a00000d0 data: 80000637
LSU: write addr: a00000d4 data: 06060613
LSU: write addr: a00000d8 data: 00c58c63
LSU: write addr: a00000dc data: 00052283
LSU: write addr: a00000e0 data: 0055a023
LSU: write addr: a00000e4 data: 00450513
LSU: write addr: a00000e8 data: 00458593
LSU: write addr: a00000ec data: fec598e3
LSU: write addr: a00000f0 data: 80000537
LSU: write addr: a00000f4 data: 06050513
LSU: write addr: a00000f8 data: 800005b7
LSU: write addr: a00000fc data: 06058593
LSU: write addr: a0000100 data: 00b50a63
LSU: write addr: a0000104 data: 00000293
LSU: write addr: a0000108 data: 00552023
LSU: write addr: a000010c data: 00450513
LSU: write addr: a0000110 data: feb51ce3
LSU: write addr: a0000114 data: 00008067
LSU: write addr: a0000118 data: 00000513
LSU: write addr: a000011c data: 00008067
LSU: write addr: a0000120 data: 10000737
LSU: write addr: a0000124 data: 00574783
LSU: write addr: a0000128 data: 0207f793
LSU: write addr: a000012c data: fe078ce3
LSU: write addr: a0000130 data: 00a70023
LSU: write addr: a0000134 data: 00008067
LSU: write addr: a0000138 data: ff410113
LSU: write addr: a000013c data: 00112423
LSU: write addr: a0000140 data: 00812223
LSU: write addr: a0000144 data: 00912023
LSU: write addr: a0000148 data: 090000ef
LSU: write addr: a000014c data: 00050493
LSU: write addr: a0000150 data: 090000ef
LSU: write addr: a0000154 data: 00050413
LSU: write addr: a0000158 data: 00048593
LSU: write addr: a000015c data: e0000517
LSU: write addr: a0000160 data: ea450513
LSU: write addr: a0000164 data: 188000ef
LSU: write addr: a0000168 data: 00040593
LSU: write addr: a000016c data: 00412403
LSU: write addr: a0000170 data: 00812083
LSU: write addr: a0000174 data: 00012483
LSU: write addr: a0000178 data: e0000517
LSU: write addr: a000017c data: e9850513
LSU: write addr: a0000180 data: 00c10113
LSU: write addr: a0000184 data: 1680006f
LSU: write addr: a0000188 data: ff410113
LSU: write addr: a000018c data: 00112423
LSU: write addr: a0000190 data: 100007b7
LSU: write addr: a0000194 data: f8000713
LSU: write addr: a0000198 data: 00e781a3
LSU: write addr: a000019c data: 000780a3
LSU: write addr: a00001a0 data: 00100713
LSU: write addr: a00001a4 data: 00e78023
LSU: write addr: a00001a8 data: 00300713
LSU: write addr: a00001ac data: 00e781a3
LSU: write addr: a00001b0 data: 00700693
LSU: write addr: a00001b4 data: 00d78123
LSU: write addr: a00001b8 data: 00e78223
LSU: write addr: a00001bc data: 000780a3
LSU: write addr: a00001c0 data: f79ff0ef
LSU: write addr: a00001c4 data: e0000517
LSU: write addr: a00001c8 data: e5850513
LSU: write addr: a00001cc data: f4dff0ef
LSU: write addr: a00001d0 data: 00100073
LSU: write addr: a00001d4 data: 0000006f
LSU: write addr: a00001d8 data: f1102573
LSU: write addr: a00001dc data: 00008067
LSU: write addr: a00001e0 data: f1202573
LSU: write addr: a00001e4 data: 00008067
LSU: write addr: a00001e8 data: fe410113
LSU: write addr: a00001ec data: 00112c23
LSU: write addr: a00001f0 data: 00812a23
LSU: write addr: a00001f4 data: 00912823
LSU: write addr: a00001f8 data: 00b12423
LSU: write addr: a00001fc data: 00012623
LSU: write addr: a0000200 data: 00050793
LSU: write addr: a0000204 data: 0c054c63
LSU: write addr: a0000208 data: 00000693
LSU: write addr: a000020c data: 00a00593
LSU: write addr: a0000210 data: 00078513
LSU: write addr: a0000214 data: 00f12023
LSU: write addr: a0000218 data: 00068493
LSU: write addr: a000021c data: 4e0000ef
LSU: write addr: a0000220 data: 00812783
LSU: write addr: a0000224 data: 00148693
LSU: write addr: a0000228 data: 03050713
LSU: write addr: a000022c data: 00d78433
LSU: write addr: a0000230 data: 00012783
LSU: write addr: a0000234 data: fee40fa3
LSU: write addr: a0000238 data: 00a00593
LSU: write addr: a000023c data: 00078513
LSU: write addr: a0000240 data: 00d12223
LSU: write addr: a0000244 data: 470000ef
LSU: write addr: a0000248 data: 00012703
LSU: write addr: a000024c data: 00900613
LSU: write addr: a0000250 data: 00412683
LSU: write addr: a0000254 data: 00050793
LSU: write addr: a0000258 data: fae66ae3
LSU: write addr: a000025c data: 00c12783
LSU: write addr: a0000260 data: 06078063
LSU: write addr: a0000264 data: 00812783
LSU: write addr: a0000268 data: 009784b3
LSU: write addr: a000026c data: 02d00793
LSU: write addr: a0000270 data: 00f40023
LSU: write addr: a0000274 data: 00048123
LSU: write addr: a0000278 data: 00068493
LSU: write addr: a000027c data: 00812403
LSU: write addr: a0000280 data: 00000793
LSU: write addr: a0000284 data: 00940733
LSU: write addr: a0000288 data: 00074603
LSU: write addr: a000028c data: 00044683
LSU: write addr: a0000290 data: 00178793
LSU: write addr: a0000294 data: 00c40023
LSU: write addr: a0000298 data: 00d70023
LSU: write addr: a000029c data: 40f486b3
LSU: write addr: a00002a0 data: 00140413
LSU: write addr: a00002a4 data: fff70713
LSU: write addr: a00002a8 data: fed7c0e3
LSU: write addr: a00002ac data: 01812083
LSU: write addr: a00002b0 data: 01412403
LSU: write addr: a00002b4 data: 01012483
LSU: write addr: a00002b8 data: 01c10113
LSU: write addr: a00002bc data: 00008067
LSU: write addr: a00002c0 data: 00040023
LSU: write addr: a00002c4 data: fa049ce3
LSU: write addr: a00002c8 data: 01812083
LSU: write addr: a00002cc data: 01412403
LSU: write addr: a00002d0 data: 01012483
LSU: write addr: a00002d4 data: 01c10113
LSU: write addr: a00002d8 data: 00008067
LSU: write addr: a00002dc data: 00100713
LSU: write addr: a00002e0 data: 40a007b3
LSU: write addr: a00002e4 data: 00e12623
LSU: write addr: a00002e8 data: f21ff06f
LSU: write addr: a00002ec data: fb010113
LSU: write addr: a00002f0 data: 02912823
LSU: write addr: a00002f4 data: 04f12623
LSU: write addr: a00002f8 data: 02112c23
LSU: write addr: a00002fc data: 02812a23
LSU: write addr: a0000300 data: 02b12e23
LSU: write addr: a0000304 data: 04c12023
LSU: write addr: a0000308 data: 04d12223
LSU: write addr: a000030c data: 04e12423
LSU: write addr: a0000310 data: 00050313
LSU: write addr: a0000314 data: 00054503
LSU: write addr: a0000318 data: 03c10793
LSU: write addr: a000031c data: 00f12623
LSU: write addr: a0000320 data: 00000493
LSU: write addr: a0000324 data: 04051e63
LSU: write addr: a0000328 data: 0780006f
LSU: write addr: a000032c data: 00134503
LSU: write addr: a0000330 data: 03000793
LSU: write addr: a0000334 data: 00000613
LSU: write addr: a0000338 data: 00000713
LSU: write addr: a000033c data: 1cf50663
LSU: write addr: a0000340 data: 06400793
LSU: write addr: a0000344 data: 12f50063
LSU: write addr: a0000348 data: 06a7e863
LSU: write addr: a000034c data: 02500793
LSU: write addr: a0000350 data: 10f50063
LSU: write addr: a0000354 data: 06300793
LSU: write addr: a0000358 data: 0cf51063
LSU: write addr: a000035c data: 00c12783
LSU: write addr: a0000360 data: 00148493
LSU: write addr: a0000364 data: 0007c503
LSU: write addr: a0000368 data: 00478793
LSU: write addr: a000036c data: 00f12623
LSU: write addr: a0000370 data: db1ff0ef
LSU: write addr: a0000374 data: 00140313
LSU: write addr: a0000378 data: 00034503
LSU: write addr: a000037c data: 02050263
LSU: write addr: a0000380 data: 02500793
LSU: write addr: a0000384 data: 00130413
LSU: write addr: a0000388 data: faf502e3
LSU: write addr: a000038c data: d95ff0ef
LSU: write addr: a0000390 data: 00148493
LSU: write addr: a0000394 data: 00040313
LSU: write addr: a0000398 data: 00034503
LSU: write addr: a000039c data: fe0512e3
LSU: write addr: a00003a0 data: 03812083
LSU: write addr: a00003a4 data: 03412403
LSU: write addr: a00003a8 data: 00048513
LSU: write addr: a00003ac data: 03012483
LSU: write addr: a00003b0 data: 05010113
LSU: write addr: a00003b4 data: 00008067
LSU: write addr: a00003b8 data: 06c00693
LSU: write addr: a00003bc data: 06d50c63
LSU: write addr: a00003c0 data: 07300793
LSU: write addr: a00003c4 data: 04f51a63
LSU: write addr: a00003c8 data: 00c12783
LSU: write addr: a00003cc data: 0007a703
LSU: write addr: a00003d0 data: 00478793
LSU: write addr: a00003d4 data: 00f12623
LSU: write addr: a00003d8 data: 00074503
LSU: write addr: a00003dc data: 00e12223
LSU: write addr: a00003e0 data: 00048713
LSU: write addr: a00003e4 data: 02050463
LSU: write addr: a00003e8 data: 00170713
LSU: write addr: a00003ec data: 00e12023
LSU: write addr: a00003f0 data: d31ff0ef
LSU: write addr: a00003f4 data: 00012703
LSU: write addr: a00003f8 data: 00412683
LSU: write addr: a00003fc data: 409707b3
LSU: write addr: a0000400 data: 00f687b3
LSU: write addr: a0000400 data: 00f687b3
LSU: write addr: 0f001fe0 data: 00000000
LSU: write addr: 0f001ffc data: 00000000
LSU: write addr: 0f001fe8 data: a0000168
LSU: write addr: 0f001fe4 data: 00000000